<?xml version="1.0" encoding="UTF-8"?>
<testng-results ignored="0" total="8" passed="8" failed="0" skipped="0">
  <reporter-output>
  </reporter-output>
  <suite started-at="2022-12-09T07:15:24Z" name="NewJCHIP8" finished-at="2022-12-09T07:15:25Z" duration-ms="55">
    <groups>
    </groups>
    <test started-at="2022-12-09T07:15:24Z" name="All tests for NewJCHIP8" finished-at="2022-12-09T07:15:25Z" duration-ms="55">
      <class name="TestRet">
        <test-method signature="testRet()[pri:0, instance:TestRet@747ddf94]" started-at="2022-12-09T07:15:25Z" name="testRet" finished-at="2022-12-09T07:15:25Z" duration-ms="0" status="PASS">
          <reporter-output>
          </reporter-output>
        </test-method> <!-- testRet -->
      </class> <!-- TestRet -->
      <class name="TestSYS">
        <test-method signature="hello()[pri:0, instance:TestSYS@5b8dfcc1]" started-at="2022-12-09T07:15:25Z" name="hello" finished-at="2022-12-09T07:15:25Z" duration-ms="0" status="PASS">
          <reporter-output>
          </reporter-output>
        </test-method> <!-- hello -->
        <test-method signature="test2()[pri:0, instance:TestSYS@5b8dfcc1]" started-at="2022-12-09T07:15:25Z" name="test2" finished-at="2022-12-09T07:15:25Z" duration-ms="0" status="PASS">
          <reporter-output>
          </reporter-output>
        </test-method> <!-- test2 -->
      </class> <!-- TestSYS -->
      <class name="TestCLS">
        <test-method signature="hello()[pri:0, instance:TestCLS@72967906]" started-at="2022-12-09T07:15:25Z" name="hello" finished-at="2022-12-09T07:15:25Z" duration-ms="14" status="PASS">
          <reporter-output>
          </reporter-output>
        </test-method> <!-- hello -->
      </class> <!-- TestCLS -->
      <class name="TestCALL">
        <test-method signature="testCALL()[pri:0, instance:TestCALL@2f9f7dcf]" started-at="2022-12-09T07:15:25Z" name="testCALL" finished-at="2022-12-09T07:15:25Z" duration-ms="4" status="PASS">
          <reporter-output>
          </reporter-output>
        </test-method> <!-- testCALL -->
      </class> <!-- TestCALL -->
      <class name="TestEnsamblador">
        <test-method signature="ensamblarCALL()[pri:0, instance:TestEnsamblador@35e2d654]" started-at="2022-12-09T07:15:25Z" name="ensamblarCALL" finished-at="2022-12-09T07:15:25Z" duration-ms="2" status="PASS">
          <reporter-output>
          </reporter-output>
        </test-method> <!-- ensamblarCALL -->
        <test-method signature="ensamblarCALLConEtiqueta()[pri:0, instance:TestEnsamblador@35e2d654]" started-at="2022-12-09T07:15:25Z" name="ensamblarCALLConEtiqueta" finished-at="2022-12-09T07:15:25Z" duration-ms="4" status="PASS">
          <reporter-output>
          </reporter-output>
        </test-method> <!-- ensamblarCALLConEtiqueta -->
        <test-method signature="ensamblarCLS()[pri:0, instance:TestEnsamblador@35e2d654]" started-at="2022-12-09T07:15:25Z" name="ensamblarCLS" finished-at="2022-12-09T07:15:25Z" duration-ms="1" status="PASS">
          <reporter-output>
          </reporter-output>
        </test-method> <!-- ensamblarCLS -->
      </class> <!-- TestEnsamblador -->
    </test> <!-- All tests for NewJCHIP8 -->
  </suite> <!-- NewJCHIP8 -->
</testng-results>
